#
# There is insufficient memory for the Java Runtime Environment to continue.
# Native memory allocation (mmap) failed to map 132120576 bytes for Failed to commit area from 0x0000000083200000 to 0x000000008b000000 of length 132120576.
# Possible reasons:
#   The system is out of physical RAM or swap space
#   The process is running with CompressedOops enabled, and the Java Heap may be blocking the growth of the native heap
# Possible solutions:
#   Reduce memory load on the system
#   Increase physical memory or swap space
#   Check if swap backing store is full
#   Decrease Java heap size (-Xmx/-Xms)
#   Decrease number of Java threads
#   Decrease Java thread stack sizes (-Xss)
#   Set larger code cache with -XX:ReservedCodeCacheSize=
# This output file may be truncated or incomplete.
#
#  Out of Memory Error (./src/hotspot/os/windows/os_windows.cpp:3301), pid=14028, tid=60528
#
# JRE version:  (11.0.10) (build )
# Java VM: OpenJDK 64-Bit Server VM (11.0.10+0-b96-7249189, mixed mode, sharing, tiered, compressed oops, g1 gc, windows-amd64)
# No core dump will be written. Minidumps are not enabled by default on client versions of Windows
#

---------------  S U M M A R Y ------------

Command Line: org.jetbrains.git4idea.http.GitAskPassApp Username for 'https://github.com': 

Host: Intel(R) Core(TM) i5-10300H CPU @ 2.50GHz, 8 cores, 7G,  Windows 10 , 64 bit Build 19041 (10.0.19041.1706)
Time: Wed May 18 22:15:11 2022 RTZ 2 (зима) elapsed time: 0.043339 seconds (0d 0h 0m 0s)

---------------  T H R E A D  ---------------

Current thread (0x000002407f08a800):  JavaThread "Unknown thread" [_thread_in_vm, id=60528, stack(0x000000b857000000,0x000000b857100000)]

Stack: [0x000000b857000000,0x000000b857100000]
Native frames: (J=compiled Java code, j=interpreted, Vv=VM code, C=native code)
V  [jvm.dll+0x5ecfaa]
V  [jvm.dll+0x722bd5]
V  [jvm.dll+0x72412d]
V  [jvm.dll+0x7247e3]
V  [jvm.dll+0x242928]
V  [jvm.dll+0x5ea374]
V  [jvm.dll+0x5df425]
V  [jvm.dll+0x2fdebb]
V  [jvm.dll+0x2fde2a]
V  [jvm.dll+0x2fdd02]
V  [jvm.dll+0x302bf6]
V  [jvm.dll+0x34b2a3]
V  [jvm.dll+0x34b9a6]
V  [jvm.dll+0x34b3a3]
V  [jvm.dll+0x2d8888]
V  [jvm.dll+0x2d9a37]
V  [jvm.dll+0x701737]
V  [jvm.dll+0x702f2c]
V  [jvm.dll+0x3587d9]
V  [jvm.dll+0x6e4fae]
V  [jvm.dll+0x3c0be3]
V  [jvm.dll+0x3c2e91]
C  [jli.dll+0x5373]
C  [ucrtbase.dll+0x21bb2]
C  [KERNEL32.DLL+0x17034]
C  [ntdll.dll+0x52651]


---------------  P R O C E S S  ---------------

Threads class SMR info:
_java_thread_list=0x000002407ef906b0, length=0, elements={
}

Java Threads: ( => current thread )

Other Threads:
  0x000002407f0a1800 GCTaskThread "GC Thread#0" [stack: 0x000000b857100000,0x000000b857200000] [id=58080]
  0x000002407f0d3000 ConcurrentGCThread "G1 Main Marker" [stack: 0x000000b857200000,0x000000b857300000] [id=53176]
  0x000002407f0d6800 ConcurrentGCThread "G1 Conc#0" [stack: 0x000000b857300000,0x000000b857400000] [id=46884]

[error occurred during error reporting (printing all threads), id 0xc0000005, EXCEPTION_ACCESS_VIOLATION (0xc0000005) at pc=0x00007ffafe8b9107]

VM state:not at safepoint (not fully initialized)

VM Mutex/Monitor currently owned by a thread:  ([mutex/lock_event])
[0x000002407f086fb0] Heap_lock - owner thread: 0x000002407f08a800

Heap address: 0x0000000083200000, size: 1998 MB, Compressed Oops mode: Non-zero based: 0x0000000083200000
Narrow klass base: 0x0000000000000000, Narrow klass shift: 0

GC Heap History (0 events):
No events

Deoptimization events (0 events):
No events

Classes redefined (0 events):
No events

Internal exceptions (0 events):
No events

Events (1 events):
Event: 0.029 Loaded shared library C:\Program Files\Android\Android Studio\jre\bin\zip.dll


Dynamic libraries:
0x00007ff7e75f0000 - 0x00007ff7e75fa000 	C:\Program Files\Android\Android Studio\jre\bin\java.exe
0x00007ffb75710000 - 0x00007ffb75905000 	C:\Windows\SYSTEM32\ntdll.dll
0x00007ffb74830000 - 0x00007ffb748ed000 	C:\Windows\System32\KERNEL32.DLL
0x00007ffb733c0000 - 0x00007ffb7368d000 	C:\Windows\System32\KERNELBASE.dll
0x00007ffb73290000 - 0x00007ffb73390000 	C:\Windows\System32\ucrtbase.dll
0x00007ffb3aee0000 - 0x00007ffb3aef9000 	C:\Program Files\Android\Android Studio\jre\bin\jli.dll
0x00007ffb73ba0000 - 0x00007ffb73d40000 	C:\Windows\System32\USER32.dll
0x00007ffb73390000 - 0x00007ffb733b2000 	C:\Windows\System32\win32u.dll
0x00007ffb751c0000 - 0x00007ffb751ea000 	C:\Windows\System32\GDI32.dll
0x00007ffb72e70000 - 0x00007ffb72f7b000 	C:\Windows\System32\gdi32full.dll
0x00007ffb736c0000 - 0x00007ffb7375d000 	C:\Windows\System32\msvcp_win.dll
0x00007ffb593c0000 - 0x00007ffb5965a000 	C:\Windows\WinSxS\amd64_microsoft.windows.common-controls_6595b64144ccf1df_6.0.19041.1110_none_60b5254171f9507e\COMCTL32.dll
0x00007ffb3aec0000 - 0x00007ffb3aed7000 	C:\Program Files\Android\Android Studio\jre\bin\VCRUNTIME140.dll
0x00007ffb73b00000 - 0x00007ffb73b9e000 	C:\Windows\System32\msvcrt.dll
0x00007ffb74f20000 - 0x00007ffb74f50000 	C:\Windows\System32\IMM32.DLL
0x00007ffb14740000 - 0x00007ffb147dd000 	C:\Program Files\Android\Android Studio\jre\bin\msvcp140.dll
0x00007ffafe5d0000 - 0x00007ffaff09f000 	C:\Program Files\Android\Android Studio\jre\bin\server\jvm.dll
0x00007ffb73e50000 - 0x00007ffb73efe000 	C:\Windows\System32\ADVAPI32.dll
0x00007ffb74030000 - 0x00007ffb740cc000 	C:\Windows\System32\sechost.dll
0x00007ffb739c0000 - 0x00007ffb73ae5000 	C:\Windows\System32\RPCRT4.dll
0x00007ffb750a0000 - 0x00007ffb750a8000 	C:\Windows\System32\PSAPI.DLL
0x00007ffb6a8f0000 - 0x00007ffb6a8fa000 	C:\Windows\SYSTEM32\VERSION.dll
0x00007ffb57970000 - 0x00007ffb57997000 	C:\Windows\SYSTEM32\WINMM.dll
0x00007ffb6a450000 - 0x00007ffb6a459000 	C:\Windows\SYSTEM32\WSOCK32.dll
0x00007ffb74eb0000 - 0x00007ffb74f1b000 	C:\Windows\System32\ws2_32.DLL
0x00007ffb71740000 - 0x00007ffb71752000 	C:\Windows\SYSTEM32\kernel.appcore.dll
0x00007ffb69630000 - 0x00007ffb69641000 	C:\Program Files\Android\Android Studio\jre\bin\verify.dll
0x00007ffb713c0000 - 0x00007ffb715a4000 	C:\Windows\SYSTEM32\DBGHELP.DLL
0x00007ffb685b0000 - 0x00007ffb685dc000 	C:\Windows\SYSTEM32\dbgcore.DLL
0x00007ffb73200000 - 0x00007ffb73282000 	C:\Windows\System32\bcryptPrimitives.dll
0x00007ffb675b0000 - 0x00007ffb675d9000 	C:\Program Files\Android\Android Studio\jre\bin\java.dll
0x00007ffb69790000 - 0x00007ffb6979b000 	C:\Program Files\Android\Android Studio\jre\bin\jimage.dll
0x00007ffb69540000 - 0x00007ffb69558000 	C:\Program Files\Android\Android Studio\jre\bin\zip.dll

dbghelp: loaded successfully - version: 4.0.5 - missing functions: none
symbol engine: initialized successfully - sym options: 0x614 - pdb path: .;C:\Program Files\Android\Android Studio\jre\bin;C:\Windows\SYSTEM32;C:\Windows\WinSxS\amd64_microsoft.windows.common-controls_6595b64144ccf1df_6.0.19041.1110_none_60b5254171f9507e;C:\Program Files\Android\Android Studio\jre\bin\server

VM Arguments:
java_command: org.jetbrains.git4idea.http.GitAskPassApp Username for 'https://github.com': 
java_class_path (initial): C:/Program Files/Android/Android Studio/plugins/git4idea/lib/git4idea-rt.jar;C:/Program Files/Android/Android Studio/lib/xmlrpc-2.0.1.jar;C:/Program Files/Android/Android Studio/lib/commons-codec-1.14.jar
Launcher Type: SUN_STANDARD

[Global flags]
     intx CICompilerCount                          = 4                                         {product} {ergonomic}
     uint ConcGCThreads                            = 2                                         {product} {ergonomic}
     uint G1ConcRefinementThreads                  = 8                                         {product} {ergonomic}
   size_t G1HeapRegionSize                         = 1048576                                   {product} {ergonomic}
    uintx GCDrainStackTargetSize                   = 64                                        {product} {ergonomic}
   size_t InitialHeapSize                          = 132120576                                 {product} {ergonomic}
   size_t MarkStackSize                            = 4194304                                   {product} {ergonomic}
   size_t MaxHeapSize                              = 2095054848                                {product} {ergonomic}
   size_t MinHeapDeltaBytes                        = 1048576                                   {product} {ergonomic}
    uintx NonNMethodCodeHeapSize                   = 5836300                                {pd product} {ergonomic}
    uintx NonProfiledCodeHeapSize                  = 122910970                              {pd product} {ergonomic}
    uintx ProfiledCodeHeapSize                     = 122910970                              {pd product} {ergonomic}
    uintx ReservedCodeCacheSize                    = 251658240                              {pd product} {ergonomic}
     bool SegmentedCodeCache                       = true                                      {product} {ergonomic}
     bool UseCompressedClassPointers               = true                                 {lp64_product} {ergonomic}
     bool UseCompressedOops                        = true                                 {lp64_product} {ergonomic}
     bool UseG1GC                                  = true                                      {product} {ergonomic}
     bool UseLargePagesIndividualAllocation        = false                                  {pd product} {ergonomic}

Logging:
Log output configuration:
 #0: stdout all=warning uptime,level,tags
 #1: stderr all=off uptime,level,tags

Environment Variables:
PATH=C:/Program Files/Git/mingw64/libexec/git-core;C:/Program Files/Git/mingw64/libexec/git-core;C:\Program Files\Git\mingw64\bin;C:\Program Files\Git\usr\bin;C:\Users\gavri\bin;C:\Windows\system32;C:\Windows;C:\Windows\System32\Wbem;C:\Windows\System32\WindowsPowerShell\v1.0\;C:\Windows\System32\OpenSSH\;C:\Program Files (x86)\NVIDIA Corporation\PhysX\Common;C:\Program Files\NVIDIA Corporation\NVIDIA NvDLISR;C:\Program Files\Git\cmd;C:\Users\gavri\AppData\Local\Microsoft\WindowsApps;C:\Users\gavri\AppData\Local\GitHubDesktop\bin;C:\Users\gavri\AppData\Local\gitkraken\bin
USERNAME=gavri
DISPLAY=:0.0
LC_ALL=en_US.UTF-8
OS=Windows_NT
PROCESSOR_IDENTIFIER=Intel64 Family 6 Model 165 Stepping 2, GenuineIntel



---------------  S Y S T E M  ---------------

OS: Windows 10 , 64 bit Build 19041 (10.0.19041.1706)
OS uptime: 4 days 19:53 hours

CPU:total 8 (initial active 8) (4 cores per cpu, 2 threads per core) family 6 model 165 stepping 2 microcode 0xf0, cmov, cx8, fxsr, mmx, sse, sse2, sse3, ssse3, sse4.1, sse4.2, popcnt, avx, avx2, aes, clmul, erms, 3dnowpref, lzcnt, ht, tsc, tscinvbit, bmi1, bmi2, adx, fma

Memory: 4k page, system-wide physical 7985M (336M free)
TotalPageFile size 32561M (AvailPageFile size 67M)
current process WorkingSet (physical memory assigned to process): 9M, peak: 9M
current process commit charge ("private bytes"): 59M, peak: 185M

vm_info: OpenJDK 64-Bit Server VM (11.0.10+0-b96-7249189) for windows-amd64 JRE (11.0.10+0-b96-7249189), built on Mar 31 2021 21:44:00 by "builder" with MS VC++ 14.0 (VS2015)

END.
